<?xml version="1.0" encoding="UTF-8"?>
<!-- Generated by org.testng.reporters.JUnitReportReporter -->
<testsuite hostname="DESKTOP-5E3PVTI" failures="0" tests="2" name="qaclickacademy.RESTApiTest" time="0.000" errors="0" timestamp="23 Mar 2020 12:11:41 GMT">
  <testcase classname="qaclickacademy.RESTApiTest" name="postJira" time="0.000"/>
  <testcase classname="qaclickacademy.RESTApiTest" name="deleteTwitter" time="0.000"/>
</testsuite> <!-- qaclickacademy.RESTApiTest -->
