<?xml version="1.0" encoding="UTF-8"?>
<!-- Generated by org.testng.reporters.JUnitReportReporter -->
<testsuite hostname="DESKTOP-5E3PVTI" failures="0" tests="2" name="qaclickacademy.AppiumTest" time="0.015" errors="0" timestamp="23 Mar 2020 12:11:41 GMT">
  <testcase classname="qaclickacademy.AppiumTest" name="nativeAppAndroid" time="0.001"/>
  <testcase classname="qaclickacademy.AppiumTest" name="IOSApps" time="0.014"/>
</testsuite> <!-- qaclickacademy.AppiumTest -->
